<?xml version="1.0" encoding="UTF-8"?>
<!-- Generated by org.testng.reporters.JUnitReportReporter -->
<testsuite skipped="0" hostname="DESKTOP-33A93L7" name="com.class01.Task" tests="1" failures="0" timestamp="30 May 2019 23:32:39 GMT" time="6.067" errors="0">
  <testcase name="login" time="6.067" classname="com.class01.Task"/>
</testsuite> <!-- com.class01.Task -->
