<?xml version="1.0" encoding="UTF-8"?>
<!-- Generated by org.testng.reporters.JUnitReportReporter -->
<testsuite skipped="0" hostname="DESKTOP-33A93L7" name="com.class01.TestDemo" tests="3" failures="0" timestamp="29 May 2019 01:17:11 GMT" time="0.023" errors="0">
  <testcase name="testDem" time="0.002" classname="com.class01.TestDemo"/>
  <testcase name="a" time="0.019" classname="com.class01.TestDemo"/>
  <testcase name="b" time="0.002" classname="com.class01.TestDemo"/>
</testsuite> <!-- com.class01.TestDemo -->
