<?xml version="1.0" encoding="UTF-8"?>
<!-- Generated by org.testng.reporters.JUnitReportReporter -->
<testsuite skipped="0" hostname="DESKTOP-33A93L7" name="com.class05.DemoTest" tests="2" failures="0" timestamp="12 Jun 2019 01:46:12 GMT" time="8.746" errors="0">
  <testcase name="testCrossBrowser" time="4.490" classname="com.class05.DemoTest"/>
  <testcase name="testCrossBrowser" time="4.256" classname="com.class05.DemoTest"/>
</testsuite> <!-- com.class05.DemoTest -->
