<?xml version="1.0" encoding="UTF-8"?>
<!-- Generated by org.testng.reporters.JUnitReportReporter -->
<testsuite skipped="0" hostname="DESKTOP-33A93L7" name="com.class04.SmartBearTask" tests="5" failures="0" timestamp="11 Jun 2019 22:53:39 GMT" time="12.262" errors="0">
  <testcase name="login" time="1.322" classname="com.class04.SmartBearTask"/>
  <testcase name="verifyUsers" time="0.927" classname="com.class04.SmartBearTask"/>
  <testcase name="updateUser" time="3.060" classname="com.class04.SmartBearTask"/>
  <testcase name="createUser" time="3.420" classname="com.class04.SmartBearTask"/>
  <testcase name="createUser" time="3.533" classname="com.class04.SmartBearTask"/>
</testsuite> <!-- com.class04.SmartBearTask -->
