<?xml version="1.0" encoding="UTF-8"?>
<!-- Generated by org.testng.reporters.JUnitReportReporter -->
<testsuite skipped="0" hostname="DESKTOP-33A93L7" name="BeforeAndAfterMethod" tests="2" failures="0" timestamp="29 May 2019 01:31:22 GMT" time="0.016" errors="0">
  <testcase name="testMethodTwo" time="0.002" classname="BeforeAndAfterMethod"/>
  <testcase name="testMethodOne" time="0.014" classname="BeforeAndAfterMethod"/>
</testsuite> <!-- BeforeAndAfterMethod -->
