<?xml version="1.0" encoding="UTF-8"?>
<!-- Generated by org.testng.reporters.JUnitReportReporter -->
<testsuite skipped="0" hostname="DESKTOP-33A93L7" name="com.class01.Task3" tests="1" failures="0" timestamp="30 May 2019 22:47:18 GMT" time="10.195" errors="0">
  <testcase name="myTestMethod" time="10.195" classname="com.class01.Task3"/>
</testsuite> <!-- com.class01.Task3 -->
