<?xml version="1.0" encoding="UTF-8"?>
<!-- Generated by org.testng.reporters.JUnitReportReporter -->
<testsuite skipped="0" hostname="DESKTOP-33A93L7" name="com.class01.TestDemo" tests="1" failures="0" timestamp="29 May 2019 00:10:13 GMT" time="0.015" errors="0">
  <testcase name="testDem" time="0.015" classname="com.class01.TestDemo"/>
</testsuite> <!-- com.class01.TestDemo -->
