<?xml version="1.0" encoding="UTF-8"?>
<!-- Generated by org.testng.reporters.JUnitReportReporter -->
<testsuite skipped="0" hostname="DESKTOP-33A93L7" name="com.class02.Task1" tests="2" failures="0" timestamp="31 May 2019 00:23:18 GMT" time="8.972" errors="0">
  <testcase name="getTitle" time="4.528" classname="com.class02.Task1"/>
  <testcase name="login" time="4.444" classname="com.class02.Task1"/>
</testsuite> <!-- com.class02.Task1 -->
