<?xml version="1.0" encoding="UTF-8"?>
<!-- Generated by org.testng.reporters.JUnitReportReporter -->
<testsuite skipped="0" hostname="DESKTOP-33A93L7" name="com.class03.DependsOnMethod" tests="3" failures="0" timestamp="06 Jun 2019 22:58:38 GMT" time="0.016" errors="0">
  <testcase name="one" time="0.012" classname="com.class03.DependsOnMethod"/>
  <testcase name="two" time="0.003" classname="com.class03.DependsOnMethod"/>
  <testcase name="three" time="0.001" classname="com.class03.DependsOnMethod"/>
</testsuite> <!-- com.class03.DependsOnMethod -->
